/*C12*/SET SCHEMA PUBLIC
SET SCHEMA "PUBLIC"
INSERT INTO EVENTS VALUES('f249bc8a-21e5-4c2d-acd0-2b1cf5ed148b','Evento da UNISAGRADO','Evento beneficente para a p\u00e1scoa','evento-da-unisagrado',1000)
COMMIT
INSERT INTO ATTENDEES VALUES('1158c0fa-dcbe-4b1b-a256-13648534720c','Rafael Vieira','rafael@email.com','f249bc8a-21e5-4c2d-acd0-2b1cf5ed148b','2024-04-03 11:18:21.404228')
COMMIT
DISCONNECT
/*C13*/SET SCHEMA PUBLIC
DISCONNECT
/*C14*/SET SCHEMA PUBLIC
DISCONNECT
/*C15*/SET SCHEMA PUBLIC
DISCONNECT
/*C16*/SET SCHEMA PUBLIC
DISCONNECT
/*C17*/SET SCHEMA PUBLIC
DISCONNECT
/*C18*/SET SCHEMA PUBLIC
DISCONNECT
/*C19*/SET SCHEMA PUBLIC
DISCONNECT
/*C20*/SET SCHEMA PUBLIC
DISCONNECT
/*C21*/SET SCHEMA PUBLIC
DISCONNECT
